<?xml version="1.0" encoding="UTF-8"?>
<testng-results skipped="0" failed="0" total="1" passed="1">
  <reporter-output>
  </reporter-output>
  <suite name="Tests" duration-ms="5500" started-at="2015-06-29T13:24:54Z" finished-at="2015-06-29T13:24:59Z">
    <groups>
    </groups>
    <test name="Test1" duration-ms="5500" started-at="2015-06-29T13:24:54Z" finished-at="2015-06-29T13:24:59Z">
      <class name="kh.selenium.pages.selenium.LoginTest">
        <test-method status="PASS" signature="init()[pri:0, instance:kh.selenium.pages.selenium.LoginTest@5b464ce8]" name="init" is-config="true" duration-ms="3063" started-at="2015-06-29T16:24:54Z" finished-at="2015-06-29T16:24:57Z">
          <reporter-output>
          </reporter-output>
        </test-method> <!-- init -->
        <test-method status="PASS" signature="login()[pri:0, instance:kh.selenium.pages.selenium.LoginTest@5b464ce8]" name="login" duration-ms="2429" started-at="2015-06-29T16:24:57Z" finished-at="2015-06-29T16:24:59Z">
          <reporter-output>
          </reporter-output>
        </test-method> <!-- login -->
        <test-method status="PASS" signature="tearDown()[pri:0, instance:kh.selenium.pages.selenium.LoginTest@5b464ce8]" name="tearDown" is-config="true" duration-ms="1540" started-at="2015-06-29T16:24:59Z" finished-at="2015-06-29T16:25:01Z">
          <reporter-output>
          </reporter-output>
        </test-method> <!-- tearDown -->
      </class> <!-- kh.selenium.pages.selenium.LoginTest -->
    </test> <!-- Test1 -->
  </suite> <!-- Tests -->
</testng-results>
